<?xml version="1.0" encoding="UTF-8"?>
<!-- Generated by org.testng.reporters.JUnitXMLReporter -->
<testsuite ignored="8" hostname="DESKTOP-P6J36J6" failures="0" tests="5" name="Test" time="32.633" errors="0" timestamp="2025-09-09T09:39:12 IST">
  <testcase classname="com.opencart.tests.CheckoutTest" name="testCheckoutProcess" time="0.711"/>
  <testcase classname="com.opencart.tests.AddToCartTest" name="testAddProductToCart" time="2.294"/>
  <testcase classname="com.opencart.tests.RegisterTest" name="testRegisterUser" time="5.126"/>
  <testcase classname="com.opencart.tests.LogoutTest" name="testLogout" time="2.825"/>
  <testcase classname="com.opencart.tests.LoginTest" name="testValidLogin" time="1.634"/>
  <testcase classname="com.opencart.base.Base" name="@AfterSuite flushReport" time="0.0">
    <ignored/>
  </testcase> <!-- @AfterSuite flushReport -->
  <testcase classname="com.opencart.base.Base" name="@BeforeSuite setupReport" time="0.0">
    <ignored/>
  </testcase> <!-- @BeforeSuite setupReport -->
  <testcase classname="com.opencart.base.Base" name="@AfterSuite flushReport" time="0.0">
    <ignored/>
  </testcase> <!-- @AfterSuite flushReport -->
  <testcase classname="com.opencart.base.Base" name="@BeforeSuite setupReport" time="0.0">
    <ignored/>
  </testcase> <!-- @BeforeSuite setupReport -->
  <testcase classname="com.opencart.base.Base" name="@BeforeSuite setupReport" time="0.0">
    <ignored/>
  </testcase> <!-- @BeforeSuite setupReport -->
  <testcase classname="com.opencart.base.Base" name="@BeforeSuite setupReport" time="0.0">
    <ignored/>
  </testcase> <!-- @BeforeSuite setupReport -->
  <testcase classname="com.opencart.base.Base" name="@AfterSuite flushReport" time="0.0">
    <ignored/>
  </testcase> <!-- @AfterSuite flushReport -->
  <testcase classname="com.opencart.base.Base" name="@AfterSuite flushReport" time="0.0">
    <ignored/>
  </testcase> <!-- @AfterSuite flushReport -->
</testsuite> <!-- Test -->
