<?xml version="1.0" encoding="UTF-8"?>
<!-- Generated by org.testng.reporters.JUnitXMLReporter -->
<testsuite ignored="8" hostname="DESKTOP-P6J36J6" failures="0" tests="5" name="Test" time="30.078" errors="0" timestamp="2025-09-08T08:21:17 IST">
  <testcase classname="com.opencart.tests.CheckoutTest" name="testCheckoutProcess" time="0.823"/>
  <testcase classname="com.opencart.tests.AddToCartTest" name="testAddProductToCart" time="1.96"/>
  <testcase classname="com.opencart.tests.RegisterTest" name="testRegisterUser" time="4.825"/>
  <testcase classname="com.opencart.tests.LogoutTest" name="testLogout" time="2.973"/>
  <testcase classname="com.opencart.tests.LoginTest" name="testValidLogin" time="2.644"/>
  <testcase classname="com.opencart.base.Base" name="@BeforeSuite setupReport" time="0.0">
    <ignored/>
  </testcase> <!-- @BeforeSuite setupReport -->
  <testcase classname="com.opencart.base.Base" name="@AfterSuite flushReport" time="0.0">
    <ignored/>
  </testcase> <!-- @AfterSuite flushReport -->
  <testcase classname="com.opencart.base.Base" name="@AfterSuite flushReport" time="0.0">
    <ignored/>
  </testcase> <!-- @AfterSuite flushReport -->
  <testcase classname="com.opencart.base.Base" name="@AfterSuite flushReport" time="0.0">
    <ignored/>
  </testcase> <!-- @AfterSuite flushReport -->
  <testcase classname="com.opencart.base.Base" name="@BeforeSuite setupReport" time="0.0">
    <ignored/>
  </testcase> <!-- @BeforeSuite setupReport -->
  <testcase classname="com.opencart.base.Base" name="@BeforeSuite setupReport" time="0.0">
    <ignored/>
  </testcase> <!-- @BeforeSuite setupReport -->
  <testcase classname="com.opencart.base.Base" name="@AfterSuite flushReport" time="0.0">
    <ignored/>
  </testcase> <!-- @AfterSuite flushReport -->
  <testcase classname="com.opencart.base.Base" name="@BeforeSuite setupReport" time="0.0">
    <ignored/>
  </testcase> <!-- @BeforeSuite setupReport -->
</testsuite> <!-- Test -->
